2020-05-25 12:03:51 下午 [Thread: main][ Class:com.example.demo.dyh.main.polishnotation.ReversePolishNotation Method: com.example.demo.dyh.main.polishnotation.ReversePolishNotation.main(ReversePolishNotation.java:25) ]
ERROR:xxxxxxxxxxxxxxxxxxxxxxxxxxxxxxxxxxx
2020-05-25 12:03:51 下午 [Thread: main][ Class:com.example.demo.dyh.main.polishnotation.ReversePolishNotation Method: com.example.demo.dyh.main.polishnotation.ReversePolishNotation.main(ReversePolishNotation.java:28) ]
ERROR:sss:-30
2020-05-25 12:03:51 下午 [Thread: main][ Class:com.example.demo.dyh.main.polishnotation.ReversePolishNotation Method: com.example.demo.dyh.main.polishnotation.ReversePolishNotation.main(ReversePolishNotation.java:32) ]
ERROR:sss:[23, 44, -, 32, +, 99, 5]
2020-05-25 12:04:10 下午 [Thread: main][ Class:com.example.demo.dyh.main.polishnotation.ReversePolishNotation Method: com.example.demo.dyh.main.polishnotation.ReversePolishNotation.main(ReversePolishNotation.java:25) ]
ERROR:xxxxxxxxxxxxxxxxxxxxxxxxxxxxxxxxxxx
2020-05-25 12:04:10 下午 [Thread: main][ Class:com.example.demo.dyh.main.polishnotation.ReversePolishNotation Method: com.example.demo.dyh.main.polishnotation.ReversePolishNotation.main(ReversePolishNotation.java:28) ]
ERROR:sss:-30
2020-05-25 12:04:10 下午 [Thread: main][ Class:com.example.demo.dyh.main.polishnotation.ReversePolishNotation Method: com.example.demo.dyh.main.polishnotation.ReversePolishNotation.main(ReversePolishNotation.java:32) ]
ERROR:sss:[23, 44, -, 32, +, 99, 5]
2020-05-25 12:14:58 下午 [Thread: main][ Class:com.example.demo.dyh.main.polishnotation.ReversePolishNotation Method: com.example.demo.dyh.main.polishnotation.ReversePolishNotation.main(ReversePolishNotation.java:25) ]
ERROR:xxxxxxxxxxxxxxxxxxxxxxxxxxxxxxxxxxx
2020-05-25 12:14:58 下午 [Thread: main][ Class:com.example.demo.dyh.main.polishnotation.ReversePolishNotation Method: com.example.demo.dyh.main.polishnotation.ReversePolishNotation.main(ReversePolishNotation.java:28) ]
ERROR:sss:-30
2020-05-25 12:14:58 下午 [Thread: main][ Class:com.example.demo.dyh.main.polishnotation.ReversePolishNotation Method: com.example.demo.dyh.main.polishnotation.ReversePolishNotation.main(ReversePolishNotation.java:32) ]
ERROR:sss:[23, 44, -, 32, +, 99, /, 5]
2020-05-25 13:06:58 下午 [Thread: main][ Class:com.example.demo.dyh.main.polishnotation.ReversePolishNotation Method: com.example.demo.dyh.main.polishnotation.ReversePolishNotation.main(ReversePolishNotation.java:26) ]
ERROR:xxxxxxxxxxxxxxxxxxxxxxxxxxxxxxxxxxx
2020-05-25 13:06:58 下午 [Thread: main][ Class:com.example.demo.dyh.main.polishnotation.ReversePolishNotation Method: com.example.demo.dyh.main.polishnotation.ReversePolishNotation.main(ReversePolishNotation.java:29) ]
ERROR:sss:-30
2020-05-25 13:09:54 下午 [Thread: main][ Class:com.example.demo.dyh.main.polishnotation.ReversePolishNotation Method: com.example.demo.dyh.main.polishnotation.ReversePolishNotation.main(ReversePolishNotation.java:26) ]
ERROR:xxxxxxxxxxxxxxxxxxxxxxxxxxxxxxxxxxx
2020-05-25 13:09:54 下午 [Thread: main][ Class:com.example.demo.dyh.main.polishnotation.ReversePolishNotation Method: com.example.demo.dyh.main.polishnotation.ReversePolishNotation.main(ReversePolishNotation.java:29) ]
ERROR:sss:-30
2020-05-25 13:11:13 下午 [Thread: main][ Class:com.example.demo.dyh.main.polishnotation.ReversePolishNotation Method: com.example.demo.dyh.main.polishnotation.ReversePolishNotation.main(ReversePolishNotation.java:26) ]
ERROR:xxxxxxxxxxxxxxxxxxxxxxxxxxxxxxxxxxx
2020-05-25 13:11:13 下午 [Thread: main][ Class:com.example.demo.dyh.main.polishnotation.ReversePolishNotation Method: com.example.demo.dyh.main.polishnotation.ReversePolishNotation.main(ReversePolishNotation.java:29) ]
ERROR:sss:-30
2020-05-25 13:11:56 下午 [Thread: main][ Class:com.example.demo.dyh.main.polishnotation.ReversePolishNotation Method: com.example.demo.dyh.main.polishnotation.ReversePolishNotation.main(ReversePolishNotation.java:26) ]
ERROR:xxxxxxxxxxxxxxxxxxxxxxxxxxxxxxxxxxx
2020-05-25 13:11:56 下午 [Thread: main][ Class:com.example.demo.dyh.main.polishnotation.ReversePolishNotation Method: com.example.demo.dyh.main.polishnotation.ReversePolishNotation.main(ReversePolishNotation.java:29) ]
ERROR:sss:-30
2020-05-25 13:13:56 下午 [Thread: main][ Class:com.example.demo.dyh.main.polishnotation.ReversePolishNotation Method: com.example.demo.dyh.main.polishnotation.ReversePolishNotation.main(ReversePolishNotation.java:26) ]
ERROR:xxxxxxxxxxxxxxxxxxxxxxxxxxxxxxxxxxx
2020-05-25 13:13:56 下午 [Thread: main][ Class:com.example.demo.dyh.main.polishnotation.ReversePolishNotation Method: com.example.demo.dyh.main.polishnotation.ReversePolishNotation.main(ReversePolishNotation.java:29) ]
ERROR:sss:-30
2020-05-25 13:14:32 下午 [Thread: main][ Class:com.example.demo.dyh.main.polishnotation.ReversePolishNotation Method: com.example.demo.dyh.main.polishnotation.ReversePolishNotation.main(ReversePolishNotation.java:26) ]
ERROR:xxxxxxxxxxxxxxxxxxxxxxxxxxxxxxxxxxx
2020-05-25 13:14:32 下午 [Thread: main][ Class:com.example.demo.dyh.main.polishnotation.ReversePolishNotation Method: com.example.demo.dyh.main.polishnotation.ReversePolishNotation.main(ReversePolishNotation.java:29) ]
ERROR:sss:-30
2020-05-25 13:15:49 下午 [Thread: main][ Class:com.example.demo.dyh.main.polishnotation.ReversePolishNotation Method: com.example.demo.dyh.main.polishnotation.ReversePolishNotation.main(ReversePolishNotation.java:26) ]
ERROR:xxxxxxxxxxxxxxxxxxxxxxxxxxxxxxxxxxx
2020-05-25 13:15:49 下午 [Thread: main][ Class:com.example.demo.dyh.main.polishnotation.ReversePolishNotation Method: com.example.demo.dyh.main.polishnotation.ReversePolishNotation.main(ReversePolishNotation.java:29) ]
ERROR:sss:-30
2020-05-25 13:17:00 下午 [Thread: main][ Class:com.example.demo.dyh.main.polishnotation.ReversePolishNotation Method: com.example.demo.dyh.main.polishnotation.ReversePolishNotation.main(ReversePolishNotation.java:26) ]
ERROR:xxxxxxxxxxxxxxxxxxxxxxxxxxxxxxxxxxx
2020-05-25 13:17:00 下午 [Thread: main][ Class:com.example.demo.dyh.main.polishnotation.ReversePolishNotation Method: com.example.demo.dyh.main.polishnotation.ReversePolishNotation.main(ReversePolishNotation.java:29) ]
ERROR:sss:-30
2020-05-25 13:17:19 下午 [Thread: main][ Class:com.example.demo.dyh.main.polishnotation.ReversePolishNotation Method: com.example.demo.dyh.main.polishnotation.ReversePolishNotation.main(ReversePolishNotation.java:26) ]
ERROR:xxxxxxxxxxxxxxxxxxxxxxxxxxxxxxxxxxx
2020-05-25 13:17:19 下午 [Thread: main][ Class:com.example.demo.dyh.main.polishnotation.ReversePolishNotation Method: com.example.demo.dyh.main.polishnotation.ReversePolishNotation.main(ReversePolishNotation.java:29) ]
ERROR:sss:-30
2020-05-25 13:17:45 下午 [Thread: main][ Class:com.example.demo.dyh.main.polishnotation.ReversePolishNotation Method: com.example.demo.dyh.main.polishnotation.ReversePolishNotation.main(ReversePolishNotation.java:26) ]
ERROR:xxxxxxxxxxxxxxxxxxxxxxxxxxxxxxxxxxx
2020-05-25 13:17:45 下午 [Thread: main][ Class:com.example.demo.dyh.main.polishnotation.ReversePolishNotation Method: com.example.demo.dyh.main.polishnotation.ReversePolishNotation.main(ReversePolishNotation.java:29) ]
ERROR:sss:-30
2020-05-25 13:18:28 下午 [Thread: main][ Class:com.example.demo.dyh.main.polishnotation.ReversePolishNotation Method: com.example.demo.dyh.main.polishnotation.ReversePolishNotation.main(ReversePolishNotation.java:26) ]
ERROR:xxxxxxxxxxxxxxxxxxxxxxxxxxxxxxxxxxx
2020-05-25 13:18:28 下午 [Thread: main][ Class:com.example.demo.dyh.main.polishnotation.ReversePolishNotation Method: com.example.demo.dyh.main.polishnotation.ReversePolishNotation.main(ReversePolishNotation.java:29) ]
ERROR:sss:-30
2020-05-25 13:19:26 下午 [Thread: main][ Class:com.example.demo.dyh.main.polishnotation.ReversePolishNotation Method: com.example.demo.dyh.main.polishnotation.ReversePolishNotation.main(ReversePolishNotation.java:26) ]
ERROR:xxxxxxxxxxxxxxxxxxxxxxxxxxxxxxxxxxx
2020-05-25 13:19:26 下午 [Thread: main][ Class:com.example.demo.dyh.main.polishnotation.ReversePolishNotation Method: com.example.demo.dyh.main.polishnotation.ReversePolishNotation.main(ReversePolishNotation.java:29) ]
ERROR:sss:-30
2020-05-25 13:19:51 下午 [Thread: main][ Class:com.example.demo.dyh.main.polishnotation.ReversePolishNotation Method: com.example.demo.dyh.main.polishnotation.ReversePolishNotation.main(ReversePolishNotation.java:33) ]
ERROR:sss:[+, /, 5, 99, *, -, 32, 44, 23]
2020-05-25 13:20:39 下午 [Thread: main][ Class:com.example.demo.dyh.main.polishnotation.ReversePolishNotation Method: com.example.demo.dyh.main.polishnotation.ReversePolishNotation.main(ReversePolishNotation.java:23) ]
ERROR:xxxxxxxxxxxxxxxxxxxxxxxxxxxxxxxxxxx
2020-05-25 13:20:39 下午 [Thread: main][ Class:com.example.demo.dyh.main.polishnotation.ReversePolishNotation Method: com.example.demo.dyh.main.polishnotation.ReversePolishNotation.main(ReversePolishNotation.java:26) ]
ERROR:sss:-30
2020-05-25 13:20:39 下午 [Thread: main][ Class:com.example.demo.dyh.main.polishnotation.ReversePolishNotation Method: com.example.demo.dyh.main.polishnotation.ReversePolishNotation.main(ReversePolishNotation.java:30) ]
ERROR:sss:[23, 44, 32, -, *, 99, 5, /, +]
2020-05-25 13:21:07 下午 [Thread: main][ Class:com.example.demo.dyh.main.polishnotation.ReversePolishNotation Method: com.example.demo.dyh.main.polishnotation.ReversePolishNotation.main(ReversePolishNotation.java:23) ]
ERROR:xxxxxxxxxxxxxxxxxxxxxxxxxxxxxxxxxxx
2020-05-25 13:21:07 下午 [Thread: main][ Class:com.example.demo.dyh.main.polishnotation.ReversePolishNotation Method: com.example.demo.dyh.main.polishnotation.ReversePolishNotation.main(ReversePolishNotation.java:26) ]
ERROR:sss:-30
2020-05-25 13:21:07 下午 [Thread: main][ Class:com.example.demo.dyh.main.polishnotation.ReversePolishNotation Method: com.example.demo.dyh.main.polishnotation.ReversePolishNotation.main(ReversePolishNotation.java:30) ]
ERROR:sss:[23, 44, 32, -, 99, +, *, 5, /]
2020-05-25 13:23:15 下午 [Thread: main][ Class:com.example.demo.dyh.main.polishnotation.ReversePolishNotation Method: com.example.demo.dyh.main.polishnotation.ReversePolishNotation.main(ReversePolishNotation.java:23) ]
ERROR:xxxxxxxxxxxxxxxxxxxxxxxxxxxxxxxxxxx
2020-05-25 13:23:15 下午 [Thread: main][ Class:com.example.demo.dyh.main.polishnotation.ReversePolishNotation Method: com.example.demo.dyh.main.polishnotation.ReversePolishNotation.main(ReversePolishNotation.java:26) ]
ERROR:sss:-30
2020-05-25 13:23:15 下午 [Thread: main][ Class:com.example.demo.dyh.main.polishnotation.ReversePolishNotation Method: com.example.demo.dyh.main.polishnotation.ReversePolishNotation.main(ReversePolishNotation.java:30) ]
ERROR:sss:[23, 44, 32, -, *, 99, 5, /, +]
2020-05-25 13:36:23 下午 [Thread: main][ Class:com.example.demo.dyh.main.polishnotation.ReversePolishNotation Method: com.example.demo.dyh.main.polishnotation.ReversePolishNotation.main(ReversePolishNotation.java:23) ]
ERROR:xxxxxxxxxxxxxxxxxxxxxxxxxxxxxxxxxxx
2020-05-25 13:36:23 下午 [Thread: main][ Class:com.example.demo.dyh.main.polishnotation.ReversePolishNotation Method: com.example.demo.dyh.main.polishnotation.ReversePolishNotation.main(ReversePolishNotation.java:26) ]
ERROR:sss:-30
2020-05-25 13:36:23 下午 [Thread: main][ Class:com.example.demo.dyh.main.polishnotation.ReversePolishNotation Method: com.example.demo.dyh.main.polishnotation.ReversePolishNotation.main(ReversePolishNotation.java:30) ]
ERROR:sss:[23, 44, 32, -, *, 99, 5, /, +]
