2020-05-26 09:48:45 上午 [Thread: main][ Class:com.example.demo.dyh.main.polishnotation.ReversePolishNotation Method: com.example.demo.dyh.main.polishnotation.ReversePolishNotation.main(ReversePolishNotation.java:23) ]
ERROR:逆波兰表达式
2020-05-26 09:48:45 上午 [Thread: main][ Class:com.example.demo.dyh.main.polishnotation.ReversePolishNotation Method: com.example.demo.dyh.main.polishnotation.ReversePolishNotation.main(ReversePolishNotation.java:26) ]
ERROR:sss:-30
2020-05-26 09:48:45 上午 [Thread: main][ Class:com.example.demo.dyh.main.polishnotation.ReversePolishNotation Method: com.example.demo.dyh.main.polishnotation.ReversePolishNotation.main(ReversePolishNotation.java:30) ]
ERROR:sss:[23, 44, 32, -, *, 99, 5, /, +]
2020-05-26 10:01:56 上午 [Thread: main][ Class:com.example.demo.dyh.main.recursion.recursion Method: com.example.demo.dyh.main.recursion.recursion.test(recursion.java:17) ]
ERROR:n=1
2020-05-26 10:01:56 上午 [Thread: main][ Class:com.example.demo.dyh.main.recursion.recursion Method: com.example.demo.dyh.main.recursion.recursion.test(recursion.java:17) ]
ERROR:n=2
2020-05-26 10:01:56 上午 [Thread: main][ Class:com.example.demo.dyh.main.recursion.recursion Method: com.example.demo.dyh.main.recursion.recursion.test(recursion.java:17) ]
ERROR:n=3
2020-05-26 10:01:56 上午 [Thread: main][ Class:com.example.demo.dyh.main.recursion.recursion Method: com.example.demo.dyh.main.recursion.recursion.test(recursion.java:17) ]
ERROR:n=4
2020-05-26 10:01:56 上午 [Thread: main][ Class:com.example.demo.dyh.main.recursion.recursion Method: com.example.demo.dyh.main.recursion.recursion.test(recursion.java:17) ]
ERROR:n=5
2020-05-26 10:56:39 上午 [Thread: main][ Class:com.example.demo.dyh.main.recursion.recursion Method: com.example.demo.dyh.main.recursion.recursion.test(recursion.java:17) ]
ERROR:n=1
2020-05-26 10:56:39 上午 [Thread: main][ Class:com.example.demo.dyh.main.recursion.recursion Method: com.example.demo.dyh.main.recursion.recursion.test(recursion.java:17) ]
ERROR:n=2
2020-05-26 10:56:39 上午 [Thread: main][ Class:com.example.demo.dyh.main.recursion.recursion Method: com.example.demo.dyh.main.recursion.recursion.test(recursion.java:17) ]
ERROR:n=3
2020-05-26 10:56:39 上午 [Thread: main][ Class:com.example.demo.dyh.main.recursion.recursion Method: com.example.demo.dyh.main.recursion.recursion.test(recursion.java:17) ]
ERROR:n=4
2020-05-26 10:56:39 上午 [Thread: main][ Class:com.example.demo.dyh.main.recursion.recursion Method: com.example.demo.dyh.main.recursion.recursion.test(recursion.java:17) ]
ERROR:n=5
